# JRE version: OpenJDK Runtime Environment (8.0_242-b01) (build 1.8.0_242-release-1644-b01)
# Java VM: OpenJDK 64-Bit Server VM (25.242-b01 mixed mode windows-amd64 compressed oops)
Heap:
 PSYoungGen      total 126976K, used 70894K [0x00000000e0000000, 0x00000000e8880000, 0x0000000100000000)
  eden space 114176K, 62% used [0x00000000e0000000,0x00000000e453bb38,0x00000000e6f80000)
  from space 12800K, 0% used [0x00000000e6f80000,0x00000000e6f80000,0x00000000e7c00000)
  to   space 11264K, 0% used [0x00000000e7d80000,0x00000000e7d80000,0x00000000e8880000)
 ParOldGen       total 85504K, used 14438K [0x00000000a0000000, 0x00000000a5380000, 0x00000000e0000000)
  object space 85504K, 16% used [0x00000000a0000000,0x00000000a0e19b88,0x00000000a5380000)
 Metaspace       used 38807K, capacity 40236K, committed 40280K, reserved 1083392K
  class space    used 5146K, capacity 5486K, committed 5504K, reserved 1048576K
GC Heap History (10 events):
Event: 7.968 GC heap before
{Heap before GC invocations=5 (full 1):
 PSYoungGen      total 75776K, used 7433K [0x00000000e0000000, 0x00000000e5480000, 0x0000000100000000)
  eden space 65024K, 0% used [0x00000000e0000000,0x00000000e0000000,0x00000000e3f80000)
  from space 10752K, 69% used [0x00000000e4a00000,0x00000000e51424e8,0x00000000e5480000)
  to   space 10752K, 0% used [0x00000000e3f80000,0x00000000e3f80000,0x00000000e4a00000)
 ParOldGen       total 173568K, used 719K [0x00000000a0000000, 0x00000000aa980000, 0x00000000e0000000)
  object space 173568K, 0% used [0x00000000a0000000,0x00000000a00b3e78,0x00000000aa980000)
 Metaspace       used 20496K, capacity 21210K, committed 21248K, reserved 1067008K
  class space    used 2855K, capacity 3035K, committed 3072K, reserved 1048576K
Event: 8.023 GC heap after
Heap after GC invocations=5 (full 1):
 PSYoungGen      total 75776K, used 0K [0x00000000e0000000, 0x00000000e5480000, 0x0000000100000000)
  eden space 65024K, 0% used [0x00000000e0000000,0x00000000e0000000,0x00000000e3f80000)
  from space 10752K, 0% used [0x00000000e4a00000,0x00000000e4a00000,0x00000000e5480000)
  to   space 10752K, 0% used [0x00000000e3f80000,0x00000000e3f80000,0x00000000e4a00000)
 ParOldGen       total 85504K, used 7233K [0x00000000a0000000, 0x00000000a5380000, 0x00000000e0000000)
  object space 85504K, 8% used [0x00000000a0000000,0x00000000a0710638,0x00000000a5380000)
 Metaspace       used 20496K, capacity 21210K, committed 21248K, reserved 1067008K
  class space    used 2855K, capacity 3035K, committed 3072K, reserved 1048576K
}
Event: 9.214 GC heap before
{Heap before GC invocations=6 (full 1):
 PSYoungGen      total 75776K, used 65024K [0x00000000e0000000, 0x00000000e5480000, 0x0000000100000000)
  eden space 65024K, 100% used [0x00000000e0000000,0x00000000e3f80000,0x00000000e3f80000)
  from space 10752K, 0% used [0x00000000e4a00000,0x00000000e4a00000,0x00000000e5480000)
  to   space 10752K, 0% used [0x00000000e3f80000,0x00000000e3f80000,0x00000000e4a00000)
 ParOldGen       total 85504K, used 7233K [0x00000000a0000000, 0x00000000a5380000, 0x00000000e0000000)
  object space 85504K, 8% used [0x00000000a0000000,0x00000000a0710638,0x00000000a5380000)
 Metaspace       used 24502K, capacity 25578K, committed 25856K, reserved 1071104K
  class space    used 3482K, capacity 3765K, committed 3840K, reserved 1048576K
Event: 9.220 GC heap after
Heap after GC invocations=6 (full 1):
 PSYoungGen      total 75776K, used 5603K [0x00000000e0000000, 0x00000000e8a00000, 0x0000000100000000)
  eden space 65024K, 0% used [0x00000000e0000000,0x00000000e0000000,0x00000000e3f80000)
  from space 10752K, 52% used [0x00000000e3f80000,0x00000000e44f8f38,0x00000000e4a00000)
  to   space 12800K, 0% used [0x00000000e7d80000,0x00000000e7d80000,0x00000000e8a00000)
 ParOldGen       total 85504K, used 7241K [0x00000000a0000000, 0x00000000a5380000, 0x00000000e0000000)
  object space 85504K, 8% used [0x00000000a0000000,0x00000000a0712638,0x00000000a5380000)
 Metaspace       used 24502K, capacity 25578K, committed 25856K, reserved 1071104K
  class space    used 3482K, capacity 3765K, committed 3840K, reserved 1048576K
}
Event: 10.572 GC heap before
{Heap before GC invocations=7 (full 1):
 PSYoungGen      total 75776K, used 70627K [0x00000000e0000000, 0x00000000e8a00000, 0x0000000100000000)
  eden space 65024K, 100% used [0x00000000e0000000,0x00000000e3f80000,0x00000000e3f80000)
  from space 10752K, 52% used [0x00000000e3f80000,0x00000000e44f8f38,0x00000000e4a00000)
  to   space 12800K, 0% used [0x00000000e7d80000,0x00000000e7d80000,0x00000000e8a00000)
 ParOldGen       total 85504K, used 7241K [0x00000000a0000000, 0x00000000a5380000, 0x00000000e0000000)
  object space 85504K, 8% used [0x00000000a0000000,0x00000000a0712638,0x00000000a5380000)
 Metaspace       used 32635K, capacity 33754K, committed 33920K, reserved 1079296K
  class space    used 4406K, capacity 4700K, committed 4736K, reserved 1048576K
Event: 10.589 GC heap after
Heap after GC invocations=7 (full 1):
 PSYoungGen      total 125440K, used 9817K [0x00000000e0000000, 0x00000000e8880000, 0x0000000100000000)
  eden space 114176K, 0% used [0x00000000e0000000,0x00000000e0000000,0x00000000e6f80000)
  from space 11264K, 87% used [0x00000000e7d80000,0x00000000e87165d8,0x00000000e8880000)
  to   space 12800K, 0% used [0x00000000e6f80000,0x00000000e6f80000,0x00000000e7c00000)
 ParOldGen       total 85504K, used 7249K [0x00000000a0000000, 0x00000000a5380000, 0x00000000e0000000)
  object space 85504K, 8% used [0x00000000a0000000,0x00000000a0714638,0x00000000a5380000)
 Metaspace       used 32635K, capacity 33754K, committed 33920K, reserved 1079296K
  class space    used 4406K, capacity 4700K, committed 4736K, reserved 1048576K
}
Event: 10.919 GC heap before
{Heap before GC invocations=8 (full 1):
 PSYoungGen      total 125440K, used 29070K [0x00000000e0000000, 0x00000000e8880000, 0x0000000100000000)
  eden space 114176K, 16% used [0x00000000e0000000,0x00000000e12cd4d8,0x00000000e6f80000)
  from space 11264K, 87% used [0x00000000e7d80000,0x00000000e87165d8,0x00000000e8880000)
  to   space 12800K, 0% used [0x00000000e6f80000,0x00000000e6f80000,0x00000000e7c00000)
 ParOldGen       total 85504K, used 7249K [0x00000000a0000000, 0x00000000a5380000, 0x00000000e0000000)
  object space 85504K, 8% used [0x00000000a0000000,0x00000000a0714638,0x00000000a5380000)
 Metaspace       used 34173K, capacity 35320K, committed 35416K, reserved 1079296K
  class space    used 4604K, capacity 4913K, committed 4992K, reserved 1048576K
Event: 10.931 GC heap after
Heap after GC invocations=8 (full 1):
 PSYoungGen      total 126976K, used 8008K [0x00000000e0000000, 0x00000000e8880000, 0x0000000100000000)
  eden space 114176K, 0% used [0x00000000e0000000,0x00000000e0000000,0x00000000e6f80000)
  from space 12800K, 62% used [0x00000000e6f80000,0x00000000e7752328,0x00000000e7c00000)
  to   space 11264K, 0% used [0x00000000e7d80000,0x00000000e7d80000,0x00000000e8880000)
 ParOldGen       total 85504K, used 7257K [0x00000000a0000000, 0x00000000a5380000, 0x00000000e0000000)
  object space 85504K, 8% used [0x00000000a0000000,0x00000000a0716638,0x00000000a5380000)
 Metaspace       used 34173K, capacity 35320K, committed 35416K, reserved 1079296K
  class space    used 4604K, capacity 4913K, committed 4992K, reserved 1048576K
}
Event: 10.932 GC heap before
{Heap before GC invocations=9 (full 2):
 PSYoungGen      total 126976K, used 8008K [0x00000000e0000000, 0x00000000e8880000, 0x0000000100000000)
  eden space 114176K, 0% used [0x00000000e0000000,0x00000000e0000000,0x00000000e6f80000)
  from space 12800K, 62% used [0x00000000e6f80000,0x00000000e7752328,0x00000000e7c00000)
  to   space 11264K, 0% used [0x00000000e7d80000,0x00000000e7d80000,0x00000000e8880000)
 ParOldGen       total 85504K, used 7257K [0x00000000a0000000, 0x00000000a5380000, 0x00000000e0000000)
  object space 85504K, 8% used [0x00000000a0000000,0x00000000a0716638,0x00000000a5380000)
 Metaspace       used 34173K, capacity 35320K, committed 35416K, reserved 1079296K
  class space    used 4604K, capacity 4913K, committed 4992K, reserved 1048576K
Event: 11.006 GC heap after
Heap after GC invocations=9 (full 2):
 PSYoungGen      total 126976K, used 0K [0x00000000e0000000, 0x00000000e8880000, 0x0000000100000000)
  eden space 114176K, 0% used [0x00000000e0000000,0x00000000e0000000,0x00000000e6f80000)
  from space 12800K, 0% used [0x00000000e6f80000,0x00000000e6f80000,0x00000000e7c00000)
  to   space 11264K, 0% used [0x00000000e7d80000,0x00000000e7d80000,0x00000000e8880000)
 ParOldGen       total 85504K, used 14438K [0x00000000a0000000, 0x00000000a5380000, 0x00000000e0000000)
  object space 85504K, 16% used [0x00000000a0000000,0x00000000a0e19b88,0x00000000a5380000)
 Metaspace       used 34173K, capacity 35320K, committed 35416K, reserved 1079296K
  class space    used 4604K, capacity 4913K, committed 4992K, reserved 1048576K
}

